#
# There is insufficient memory for the Java Runtime Environment to continue.
# Native memory allocation (malloc) failed to allocate 1094736 bytes. Error detail: Chunk::new
# Possible reasons:
#   The system is out of physical RAM or swap space
#   This process is running with CompressedOops enabled, and the Java Heap may be blocking the growth of the native heap
# Possible solutions:
#   Reduce memory load on the system
#   Increase physical memory or swap space
#   Check if swap backing store is full
#   Decrease Java heap size (-Xmx/-Xms)
#   Decrease number of Java threads
#   Decrease Java thread stack sizes (-Xss)
#   Set larger code cache with -XX:ReservedCodeCacheSize=
#   JVM is running with Unscaled Compressed Oops mode in which the Java heap is
#     placed in the first 4GB address space. The Java Heap base address is the
#     maximum limit for the native heap growth. Please use -XX:HeapBaseMinAddress
#     to set the Java Heap base and to place the Java Heap above 4GB virtual address.
# This output file may be truncated or incomplete.
#
#  Out of Memory Error (arena.cpp:168), pid=29268, tid=21444
#
# JRE version: OpenJDK Runtime Environment Temurin-21.0.7+6 (21.0.7+6) (build 21.0.7+6-LTS)
# Java VM: OpenJDK 64-Bit Server VM Temurin-21.0.7+6 (21.0.7+6-LTS, mixed mode, sharing, tiered, compressed oops, compressed class ptrs, parallel gc, windows-amd64)
# No core dump will be written. Minidumps are not enabled by default on client versions of Windows
#

---------------  S U M M A R Y ------------

Command Line: --add-modules=ALL-SYSTEM --add-opens=java.base/java.util=ALL-UNNAMED --add-opens=java.base/java.lang=ALL-UNNAMED --add-opens=java.base/sun.nio.fs=ALL-UNNAMED -Declipse.application=org.eclipse.jdt.ls.core.id1 -Dosgi.bundles.defaultStartLevel=4 -Declipse.product=org.eclipse.jdt.ls.core.product -Djava.import.generatesMetadataFilesAtProjectRoot=false -DDetectVMInstallationsJob.disabled=true -Dfile.encoding=utf8 -XX:+UseParallelGC -XX:GCTimeRatio=4 -XX:AdaptiveSizePolicyWeight=90 -Dsun.zip.disableMemoryMapping=true -Xmx2G -Xms100m -Xlog:disable -javaagent:c:\Users\JOY SAHA\.vscode\extensions\redhat.java-1.43.1-win32-x64\lombok\lombok-1.18.39-4050.jar -XX:+HeapDumpOnOutOfMemoryError -XX:HeapDumpPath=c:\Users\JOY SAHA\AppData\Roaming\Code\User\workspaceStorage\a80d8c1f889bab6801300559462bb29f\redhat.java -Daether.dependencyCollector.impl=bf c:\Users\JOY SAHA\.vscode\extensions\redhat.java-1.43.1-win32-x64\server\plugins\org.eclipse.equinox.launcher_1.7.0.v20250519-0528.jar -configuration c:\Users\JOY SAHA\AppData\Roaming\Code\User\globalStorage\redhat.java\1.43.1\config_win -data c:\Users\JOY SAHA\AppData\Roaming\Code\User\workspaceStorage\a80d8c1f889bab6801300559462bb29f\redhat.java\jdt_ws --pipe=\\.\pipe\lsp-0afb785cede564f0039887c3999dc69d-sock

Host: AMD Ryzen 5 5600H with Radeon Graphics         , 12 cores, 5G,  Windows 11 , 64 bit Build 22621 (10.0.22621.5415)
Time: Tue Jul  1 20:00:57 2025 Bangladesh Standard Time elapsed time: 34.925407 seconds (0d 0h 0m 34s)

---------------  T H R E A D  ---------------

Current thread (0x00000216129a5630):  JavaThread "C2 CompilerThread0" daemon [_thread_in_native, id=21444, stack(0x000000748be00000,0x000000748bf00000) (1024K)]


Current CompileTask:
C2:34925 4751       4       org.eclipse.osgi.internal.serviceregistry.ServiceRegistry::notifyHooksPrivileged (57 bytes)

Stack: [0x000000748be00000,0x000000748bf00000]
Native frames: (J=compiled Java code, j=interpreted, Vv=VM code, C=native code)
V  [jvm.dll+0x6ce119]
V  [jvm.dll+0x8a84a1]
V  [jvm.dll+0x8aa9ce]
V  [jvm.dll+0x8ab0b3]
V  [jvm.dll+0x27f8a6]
V  [jvm.dll+0xc507d]
V  [jvm.dll+0xc55b3]
V  [jvm.dll+0x3b68f2]
V  [jvm.dll+0x1e0029]
V  [jvm.dll+0x247c42]
V  [jvm.dll+0x2470cf]
V  [jvm.dll+0x1c760e]
V  [jvm.dll+0x25695a]
V  [jvm.dll+0x254efa]
V  [jvm.dll+0x3f03f6]
V  [jvm.dll+0x851f6b]
V  [jvm.dll+0x6cc7dd]
C  [ucrtbase.dll+0x29333]
C  [KERNEL32.DLL+0x1259d]
C  [ntdll.dll+0x5af78]


---------------  P R O C E S S  ---------------

Threads class SMR info:
_java_thread_list=0x0000021671d73f60, length=25, elements={
0x00000216128f4180, 0x0000021612996400, 0x000002162938c280, 0x0000021612996fb0,
0x00000216129978d0, 0x000002161299d080, 0x00000216129a19c0, 0x00000216129a5630,
0x00000216129a6ae0, 0x000002161299f260, 0x00000216129a1330, 0x000002166cb98e70,
0x000002166cb9a220, 0x000002166cb9b5d0, 0x000002166cb9e3c0, 0x000002166cb9d6a0,
0x000002166cb9bc60, 0x000002166cb9ea50, 0x000002166cb99500, 0x000002166cb9f0e0,
0x000002166cb9c980, 0x000002166cb99b90, 0x000002166cb9a8b0, 0x000002166cb9dd30,
0x000002166cb9af40
}

Java Threads: ( => current thread )
  0x00000216128f4180 JavaThread "main"                              [_thread_blocked, id=23460, stack(0x000000748b400000,0x000000748b500000) (1024K)]
  0x0000021612996400 JavaThread "Reference Handler"          daemon [_thread_blocked, id=25060, stack(0x000000748b800000,0x000000748b900000) (1024K)]
  0x000002162938c280 JavaThread "Finalizer"                  daemon [_thread_blocked, id=23416, stack(0x000000748b900000,0x000000748ba00000) (1024K)]
  0x0000021612996fb0 JavaThread "Signal Dispatcher"          daemon [_thread_blocked, id=2388, stack(0x000000748ba00000,0x000000748bb00000) (1024K)]
  0x00000216129978d0 JavaThread "Attach Listener"            daemon [_thread_blocked, id=7460, stack(0x000000748bb00000,0x000000748bc00000) (1024K)]
  0x000002161299d080 JavaThread "Service Thread"             daemon [_thread_blocked, id=20504, stack(0x000000748bc00000,0x000000748bd00000) (1024K)]
  0x00000216129a19c0 JavaThread "Monitor Deflation Thread"   daemon [_thread_blocked, id=18660, stack(0x000000748bd00000,0x000000748be00000) (1024K)]
=>0x00000216129a5630 JavaThread "C2 CompilerThread0"         daemon [_thread_in_native, id=21444, stack(0x000000748be00000,0x000000748bf00000) (1024K)]
  0x00000216129a6ae0 JavaThread "C1 CompilerThread0"         daemon [_thread_in_native, id=28948, stack(0x000000748bf00000,0x000000748c000000) (1024K)]
  0x000002161299f260 JavaThread "Common-Cleaner"             daemon [_thread_blocked, id=1984, stack(0x000000748c000000,0x000000748c100000) (1024K)]
  0x00000216129a1330 JavaThread "Notification Thread"        daemon [_thread_blocked, id=28608, stack(0x000000748c100000,0x000000748c200000) (1024K)]
  0x000002166cb98e70 JavaThread "Active Thread: Equinox Container: 5336486c-7e3f-481a-9cba-5e7b8dc97fb5"        [_thread_blocked, id=4556, stack(0x000000748ce00000,0x000000748cf00000) (1024K)]
  0x000002166cb9a220 JavaThread "Framework Event Dispatcher: Equinox Container: 5336486c-7e3f-481a-9cba-5e7b8dc97fb5" daemon [_thread_blocked, id=28752, stack(0x000000748cf00000,0x000000748d000000) (1024K)]
  0x000002166cb9b5d0 JavaThread "Start Level: Equinox Container: 5336486c-7e3f-481a-9cba-5e7b8dc97fb5" daemon [_thread_in_vm, id=10352, stack(0x000000748d100000,0x000000748d200000) (1024K)]
  0x000002166cb9e3c0 JavaThread "Refresh Thread: Equinox Container: 5336486c-7e3f-481a-9cba-5e7b8dc97fb5" daemon [_thread_blocked, id=25856, stack(0x000000748c800000,0x000000748c900000) (1024K)]
  0x000002166cb9d6a0 JavaThread "Bundle File Closer"         daemon [_thread_blocked, id=9176, stack(0x000000748db00000,0x000000748dc00000) (1024K)]
  0x000002166cb9bc60 JavaThread "SCR Component Actor"        daemon [_thread_blocked, id=14896, stack(0x000000748c900000,0x000000748ca00000) (1024K)]
  0x000002166cb9ea50 JavaThread "SCR Component Registry"     daemon [_thread_blocked, id=14692, stack(0x000000748ca00000,0x000000748cb00000) (1024K)]
  0x000002166cb99500 JavaThread "Worker-JM"                         [_thread_blocked, id=30556, stack(0x000000748cb00000,0x000000748cc00000) (1024K)]
  0x000002166cb9f0e0 JavaThread "Worker-0: Updating Maven Dependencies"        [_thread_blocked, id=15788, stack(0x000000748cc00000,0x000000748cd00000) (1024K)]
  0x000002166cb9c980 JavaThread "Worker-1: Repository registry initialization"        [_thread_in_Java, id=28692, stack(0x000000748cd00000,0x000000748ce00000) (1024K)]
  0x000002166cb99b90 JavaThread "Java indexing"              daemon [_thread_blocked, id=10988, stack(0x000000748d200000,0x000000748d300000) (1024K)]
  0x000002166cb9a8b0 JavaThread "Worker-2"                          [_thread_blocked, id=29680, stack(0x000000748d300000,0x000000748d400000) (1024K)]
  0x000002166cb9dd30 JavaThread "Worker-3"                          [_thread_blocked, id=29112, stack(0x000000748d400000,0x000000748d500000) (1024K)]
  0x000002166cb9af40 JavaThread "JNA Cleaner"                daemon [_thread_blocked, id=17220, stack(0x000000748d500000,0x000000748d600000) (1024K)]
Total: 25

Other Threads:
  0x00000216293764a0 VMThread "VM Thread"                           [id=28716, stack(0x000000748b700000,0x000000748b800000) (1024K)]
  0x000002161295c8e0 WatcherThread "VM Periodic Task Thread"        [id=24776, stack(0x000000748b600000,0x000000748b700000) (1024K)]
  0x0000021612911130 WorkerThread "GC Thread#0"                     [id=15680, stack(0x000000748b500000,0x000000748b600000) (1024K)]
  0x000002166c9f96a0 WorkerThread "GC Thread#1"                     [id=26192, stack(0x000000748c200000,0x000000748c300000) (1024K)]
  0x000002166c902940 WorkerThread "GC Thread#2"                     [id=29040, stack(0x000000748c300000,0x000000748c400000) (1024K)]
  0x000002166c9f9a40 WorkerThread "GC Thread#3"                     [id=9864, stack(0x000000748c400000,0x000000748c500000) (1024K)]
  0x000002166c9f9de0 WorkerThread "GC Thread#4"                     [id=30196, stack(0x000000748c500000,0x000000748c600000) (1024K)]
  0x000002166c9fa180 WorkerThread "GC Thread#5"                     [id=27760, stack(0x000000748c600000,0x000000748c700000) (1024K)]
  0x000002166c9fa520 WorkerThread "GC Thread#6"                     [id=21520, stack(0x000000748c700000,0x000000748c800000) (1024K)]
  0x000002166cb83e20 WorkerThread "GC Thread#7"                     [id=13264, stack(0x000000748d000000,0x000000748d100000) (1024K)]
  0x000002166cf167c0 WorkerThread "GC Thread#8"                     [id=27128, stack(0x000000748d900000,0x000000748da00000) (1024K)]
  0x000002166cf17d80 WorkerThread "GC Thread#9"                     [id=29132, stack(0x000000748da00000,0x000000748db00000) (1024K)]
Total: 12

Threads with active compile tasks:
C2 CompilerThread0  35252 4751       4       org.eclipse.osgi.internal.serviceregistry.ServiceRegistry::notifyHooksPrivileged (57 bytes)
Total: 1

VM state: not at safepoint (normal execution)

VM Mutex/Monitor currently owned by a thread:  ([mutex/lock_event])
[0x00007ffbd9b5c708] AdapterHandlerLibrary_lock - owner thread: 0x0000000000000000

Heap address: 0x0000000080000000, size: 2048 MB, Compressed Oops mode: 32-bit

CDS archive(s) mapped at: [0x000002162a000000-0x000002162aba0000-0x000002162aba0000), size 12189696, SharedBaseAddress: 0x000002162a000000, ArchiveRelocationMode: 1.
Compressed class space mapped at: 0x000002162b000000-0x000002166b000000, reserved size: 1073741824
Narrow klass base: 0x000002162a000000, Narrow klass shift: 0, Narrow klass range: 0x100000000

GC Precious Log:
 CardTable entry size: 512
 CPUs: 12 total, 12 available
 Memory: 5996M
 Large Page Support: Disabled
 NUMA Support: Disabled
 Compressed Oops: Enabled (32-bit)
 Alignments: Space 512K, Generation 512K, Heap 2M
 Heap Min Capacity: 100M
 Heap Initial Capacity: 100M
 Heap Max Capacity: 2G
 Pre-touch: Disabled
 Parallel Workers: 10

Heap:
 PSYoungGen      total 23040K, used 5586K [0x00000000d5580000, 0x00000000d7000000, 0x0000000100000000)
  eden space 22016K, 25% used [0x00000000d5580000,0x00000000d5af4b18,0x00000000d6b00000)
  from space 1024K, 0% used [0x00000000d6f00000,0x00000000d6f00000,0x00000000d7000000)
  to   space 1024K, 0% used [0x00000000d6e00000,0x00000000d6e00000,0x00000000d6f00000)
 ParOldGen       total 68608K, used 17191K [0x0000000080000000, 0x0000000084300000, 0x00000000d5580000)
  object space 68608K, 25% used [0x0000000080000000,0x00000000810c9c18,0x0000000084300000)
 Metaspace       used 35574K, committed 36544K, reserved 1114112K
  class space    used 3621K, committed 4032K, reserved 1048576K

Card table byte_map: [0x0000021612290000,0x00000216126a0000] _byte_map_base: 0x0000021611e90000

Marking Bits: (ParMarkBitMap*) 0x00007ffbd9b631f0
 Begin Bits: [0x0000021624d90000, 0x0000021626d90000)
 End Bits:   [0x0000021626d90000, 0x0000021628d90000)

Polling page: 0x00000216108d0000

Metaspace:

Usage:
  Non-class:     31.21 MB used.
      Class:      3.54 MB used.
       Both:     34.74 MB used.

Virtual space:
  Non-class space:       64.00 MB reserved,      31.75 MB ( 50%) committed,  1 nodes.
      Class space:        1.00 GB reserved,       3.94 MB ( <1%) committed,  1 nodes.
             Both:        1.06 GB reserved,      35.69 MB (  3%) committed. 

Chunk freelists:
   Non-Class:  15.39 MB
       Class:  12.09 MB
        Both:  27.48 MB

MaxMetaspaceSize: unlimited
CompressedClassSpaceSize: 1.00 GB
Initial GC threshold: 21.00 MB
Current GC threshold: 58.38 MB
CDS: on
 - commit_granule_bytes: 65536.
 - commit_granule_words: 8192.
 - virtual_space_node_default_size: 8388608.
 - enlarge_chunks_in_place: 1.
 - use_allocation_guard: 0.


Internal statistics:

num_allocs_failed_limit: 6.
num_arena_births: 692.
num_arena_deaths: 24.
num_vsnodes_births: 2.
num_vsnodes_deaths: 0.
num_space_committed: 571.
num_space_uncommitted: 0.
num_chunks_returned_to_freelist: 31.
num_chunks_taken_from_freelist: 2106.
num_chunk_merges: 12.
num_chunk_splits: 1367.
num_chunks_enlarged: 892.
num_inconsistent_stats: 0.

CodeHeap 'non-profiled nmethods': size=120000Kb used=1740Kb max_used=2067Kb free=118259Kb
 bounds [0x000002161d5b0000, 0x000002161d820000, 0x0000021624ae0000]
CodeHeap 'profiled nmethods': size=120000Kb used=9241Kb max_used=10858Kb free=110759Kb
 bounds [0x0000021615ae0000, 0x0000021616580000, 0x000002161d010000]
CodeHeap 'non-nmethods': size=5760Kb used=1339Kb max_used=1369Kb free=4420Kb
 bounds [0x000002161d010000, 0x000002161d280000, 0x000002161d5b0000]
 total_blobs=5223 nmethods=4591 adapters=538
 compilation: enabled
              stopped_count=0, restarted_count=0
 full_count=0

Compilation events (20 events):
Event: 34.901 Thread 0x00000216129a6ae0 4983       2       com.google.common.cache.LocalCache$WeakEntry::getKey (5 bytes)
Event: 34.901 Thread 0x00000216129a6ae0 nmethod 4983 0x000002161651ea10 code [0x000002161651eba0, 0x000002161651eca8]
Event: 34.902 Thread 0x00000216129a6ae0 4984       2       com.google.inject.internal.UntargettedBindingImpl::<init> (8 bytes)
Event: 34.903 Thread 0x00000216129a6ae0 nmethod 4984 0x000002161651ed90 code [0x000002161651ef20, 0x000002161651f090]
Event: 34.903 Thread 0x00000216129a6ae0 4985       2       com.google.inject.Key::<init> (29 bytes)
Event: 34.903 Thread 0x00000216129a6ae0 nmethod 4985 0x000002161651f110 code [0x000002161651f2e0, 0x000002161651f528]
Event: 34.903 Thread 0x00000216129a6ae0 4986       2       org.eclipse.osgi.internal.loader.ModuleClassLoader::getResource (121 bytes)
Event: 34.904 Thread 0x00000216129a6ae0 nmethod 4986 0x000002161651f690 code [0x000002161651f9a0, 0x00000216165202a0]
Event: 34.904 Thread 0x00000216129a6ae0 4987   !   2       org.eclipse.osgi.internal.loader.BundleLoader::findResource (450 bytes)
Event: 34.907 Thread 0x00000216129a6ae0 nmethod 4987 0x0000021616520890 code [0x0000021616520de0, 0x00000216165224a8]
Event: 34.907 Thread 0x00000216129a6ae0 4988       3       org.eclipse.sisu.space.asm.ClassReader::readUTF8 (23 bytes)
Event: 34.908 Thread 0x00000216129a6ae0 nmethod 4988 0x0000021616523390 code [0x0000021616523560, 0x00000216165237a8]
Event: 34.908 Thread 0x00000216129a6ae0 4989       2       com.google.inject.spi.Elements$RecordingBinder::getElementSource (136 bytes)
Event: 34.908 Thread 0x00000216129a6ae0 nmethod 4989 0x0000021616523890 code [0x0000021616523aa0, 0x0000021616523f08]
Event: 34.912 Thread 0x00000216129a6ae0 4990       2       com.google.inject.spi.Elements$RecordingBinder::bind (23 bytes)
Event: 34.913 Thread 0x00000216129a6ae0 nmethod 4990 0x0000021616524190 code [0x0000021616524380, 0x0000021616524710]
Event: 34.913 Thread 0x00000216129a6ae0 4991       2       com.google.inject.internal.MoreTypes::canonicalizeKey (20 bytes)
Event: 34.913 Thread 0x00000216129a6ae0 nmethod 4991 0x0000021616524990 code [0x0000021616524b60, 0x0000021616524df0]
Event: 34.913 Thread 0x00000216129a6ae0 4992       2       com.google.inject.internal.BindingBuilder::<init> (10 bytes)
Event: 34.913 Thread 0x00000216129a6ae0 nmethod 4992 0x0000021616524f90 code [0x0000021616525140, 0x0000021616525260]

GC Heap History (20 events):
Event: 12.932 GC heap before
{Heap before GC invocations=4 (full 0):
 PSYoungGen      total 29696K, used 29687K [0x00000000d5580000, 0x00000000d7680000, 0x0000000100000000)
  eden space 25600K, 100% used [0x00000000d5580000,0x00000000d6e80000,0x00000000d6e80000)
  from space 4096K, 99% used [0x00000000d6e80000,0x00000000d727dfe8,0x00000000d7280000)
  to   space 4096K, 0% used [0x00000000d7280000,0x00000000d7280000,0x00000000d7680000)
 ParOldGen       total 68608K, used 4727K [0x0000000080000000, 0x0000000084300000, 0x00000000d5580000)
  object space 68608K, 6% used [0x0000000080000000,0x000000008049deb0,0x0000000084300000)
 Metaspace       used 9869K, committed 10176K, reserved 1114112K
  class space    used 1010K, committed 1152K, reserved 1048576K
}
Event: 12.938 GC heap after
{Heap after GC invocations=4 (full 0):
 PSYoungGen      total 29696K, used 4072K [0x00000000d5580000, 0x00000000d7680000, 0x0000000100000000)
  eden space 25600K, 0% used [0x00000000d5580000,0x00000000d5580000,0x00000000d6e80000)
  from space 4096K, 99% used [0x00000000d7280000,0x00000000d767a0c0,0x00000000d7680000)
  to   space 4096K, 0% used [0x00000000d6e80000,0x00000000d6e80000,0x00000000d7280000)
 ParOldGen       total 68608K, used 6356K [0x0000000080000000, 0x0000000084300000, 0x00000000d5580000)
  object space 68608K, 9% used [0x0000000080000000,0x00000000806351e0,0x0000000084300000)
 Metaspace       used 9869K, committed 10176K, reserved 1114112K
  class space    used 1010K, committed 1152K, reserved 1048576K
}
Event: 31.188 GC heap before
{Heap before GC invocations=5 (full 0):
 PSYoungGen      total 29696K, used 29672K [0x00000000d5580000, 0x00000000d7680000, 0x0000000100000000)
  eden space 25600K, 100% used [0x00000000d5580000,0x00000000d6e80000,0x00000000d6e80000)
  from space 4096K, 99% used [0x00000000d7280000,0x00000000d767a0c0,0x00000000d7680000)
  to   space 4096K, 0% used [0x00000000d6e80000,0x00000000d6e80000,0x00000000d7280000)
 ParOldGen       total 68608K, used 6356K [0x0000000080000000, 0x0000000084300000, 0x00000000d5580000)
  object space 68608K, 9% used [0x0000000080000000,0x00000000806351e0,0x0000000084300000)
 Metaspace       used 12169K, committed 12544K, reserved 1114112K
  class space    used 1241K, committed 1408K, reserved 1048576K
}
Event: 31.195 GC heap after
{Heap after GC invocations=5 (full 0):
 PSYoungGen      total 29184K, used 4068K [0x00000000d5580000, 0x00000000d7a00000, 0x0000000100000000)
  eden space 25088K, 0% used [0x00000000d5580000,0x00000000d5580000,0x00000000d6e00000)
  from space 4096K, 99% used [0x00000000d6e80000,0x00000000d72791f8,0x00000000d7280000)
  to   space 6144K, 0% used [0x00000000d7400000,0x00000000d7400000,0x00000000d7a00000)
 ParOldGen       total 68608K, used 7623K [0x0000000080000000, 0x0000000084300000, 0x00000000d5580000)
  object space 68608K, 11% used [0x0000000080000000,0x0000000080771e38,0x0000000084300000)
 Metaspace       used 12169K, committed 12544K, reserved 1114112K
  class space    used 1241K, committed 1408K, reserved 1048576K
}
Event: 31.760 GC heap before
{Heap before GC invocations=6 (full 0):
 PSYoungGen      total 29184K, used 29156K [0x00000000d5580000, 0x00000000d7a00000, 0x0000000100000000)
  eden space 25088K, 100% used [0x00000000d5580000,0x00000000d6e00000,0x00000000d6e00000)
  from space 4096K, 99% used [0x00000000d6e80000,0x00000000d72791f8,0x00000000d7280000)
  to   space 6144K, 0% used [0x00000000d7400000,0x00000000d7400000,0x00000000d7a00000)
 ParOldGen       total 68608K, used 7623K [0x0000000080000000, 0x0000000084300000, 0x00000000d5580000)
  object space 68608K, 11% used [0x0000000080000000,0x0000000080771e38,0x0000000084300000)
 Metaspace       used 15484K, committed 16000K, reserved 1114112K
  class space    used 1541K, committed 1728K, reserved 1048576K
}
Event: 31.766 GC heap after
{Heap after GC invocations=6 (full 0):
 PSYoungGen      total 30720K, used 5851K [0x00000000d5580000, 0x00000000d7a00000, 0x0000000100000000)
  eden space 24576K, 0% used [0x00000000d5580000,0x00000000d5580000,0x00000000d6d80000)
  from space 6144K, 95% used [0x00000000d7400000,0x00000000d79b6d40,0x00000000d7a00000)
  to   space 6144K, 0% used [0x00000000d6e00000,0x00000000d6e00000,0x00000000d7400000)
 ParOldGen       total 68608K, used 7631K [0x0000000080000000, 0x0000000084300000, 0x00000000d5580000)
  object space 68608K, 11% used [0x0000000080000000,0x0000000080773e38,0x0000000084300000)
 Metaspace       used 15484K, committed 16000K, reserved 1114112K
  class space    used 1541K, committed 1728K, reserved 1048576K
}
Event: 32.899 GC heap before
{Heap before GC invocations=7 (full 0):
 PSYoungGen      total 30720K, used 30427K [0x00000000d5580000, 0x00000000d7a00000, 0x0000000100000000)
  eden space 24576K, 100% used [0x00000000d5580000,0x00000000d6d80000,0x00000000d6d80000)
  from space 6144K, 95% used [0x00000000d7400000,0x00000000d79b6d40,0x00000000d7a00000)
  to   space 6144K, 0% used [0x00000000d6e00000,0x00000000d6e00000,0x00000000d7400000)
 ParOldGen       total 68608K, used 7631K [0x0000000080000000, 0x0000000084300000, 0x00000000d5580000)
  object space 68608K, 11% used [0x0000000080000000,0x0000000080773e38,0x0000000084300000)
 Metaspace       used 18219K, committed 18880K, reserved 1114112K
  class space    used 1821K, committed 2112K, reserved 1048576K
}
Event: 32.905 GC heap after
{Heap after GC invocations=7 (full 0):
 PSYoungGen      total 29696K, used 5131K [0x00000000d5580000, 0x00000000d7800000, 0x0000000100000000)
  eden space 24064K, 0% used [0x00000000d5580000,0x00000000d5580000,0x00000000d6d00000)
  from space 5632K, 91% used [0x00000000d6e00000,0x00000000d7302f90,0x00000000d7380000)
  to   space 4608K, 0% used [0x00000000d7380000,0x00000000d7380000,0x00000000d7800000)
 ParOldGen       total 68608K, used 9091K [0x0000000080000000, 0x0000000084300000, 0x00000000d5580000)
  object space 68608K, 13% used [0x0000000080000000,0x00000000808e0f60,0x0000000084300000)
 Metaspace       used 18219K, committed 18880K, reserved 1114112K
  class space    used 1821K, committed 2112K, reserved 1048576K
}
Event: 33.184 GC heap before
{Heap before GC invocations=8 (full 0):
 PSYoungGen      total 29696K, used 28066K [0x00000000d5580000, 0x00000000d7800000, 0x0000000100000000)
  eden space 24064K, 95% used [0x00000000d5580000,0x00000000d6be58d0,0x00000000d6d00000)
  from space 5632K, 91% used [0x00000000d6e00000,0x00000000d7302f90,0x00000000d7380000)
  to   space 4608K, 0% used [0x00000000d7380000,0x00000000d7380000,0x00000000d7800000)
 ParOldGen       total 68608K, used 9091K [0x0000000080000000, 0x0000000084300000, 0x00000000d5580000)
  object space 68608K, 13% used [0x0000000080000000,0x00000000808e0f60,0x0000000084300000)
 Metaspace       used 20707K, committed 21504K, reserved 1114112K
  class space    used 2076K, committed 2432K, reserved 1048576K
}
Event: 33.194 GC heap after
{Heap after GC invocations=8 (full 0):
 PSYoungGen      total 28160K, used 4592K [0x00000000d5580000, 0x00000000d7b00000, 0x0000000100000000)
  eden space 23552K, 0% used [0x00000000d5580000,0x00000000d5580000,0x00000000d6c80000)
  from space 4608K, 99% used [0x00000000d7380000,0x00000000d77fc240,0x00000000d7800000)
  to   space 7168K, 0% used [0x00000000d6c80000,0x00000000d6c80000,0x00000000d7380000)
 ParOldGen       total 68608K, used 10998K [0x0000000080000000, 0x0000000084300000, 0x00000000d5580000)
  object space 68608K, 16% used [0x0000000080000000,0x0000000080abda98,0x0000000084300000)
 Metaspace       used 20707K, committed 21504K, reserved 1114112K
  class space    used 2076K, committed 2432K, reserved 1048576K
}
Event: 33.204 GC heap before
{Heap before GC invocations=9 (full 1):
 PSYoungGen      total 28160K, used 4592K [0x00000000d5580000, 0x00000000d7b00000, 0x0000000100000000)
  eden space 23552K, 0% used [0x00000000d5580000,0x00000000d5580000,0x00000000d6c80000)
  from space 4608K, 99% used [0x00000000d7380000,0x00000000d77fc240,0x00000000d7800000)
  to   space 7168K, 0% used [0x00000000d6c80000,0x00000000d6c80000,0x00000000d7380000)
 ParOldGen       total 68608K, used 10998K [0x0000000080000000, 0x0000000084300000, 0x00000000d5580000)
  object space 68608K, 16% used [0x0000000080000000,0x0000000080abda98,0x0000000084300000)
 Metaspace       used 20707K, committed 21504K, reserved 1114112K
  class space    used 2076K, committed 2432K, reserved 1048576K
}
Event: 33.332 GC heap after
{Heap after GC invocations=9 (full 1):
 PSYoungGen      total 28160K, used 0K [0x00000000d5580000, 0x00000000d7b00000, 0x0000000100000000)
  eden space 23552K, 0% used [0x00000000d5580000,0x00000000d5580000,0x00000000d6c80000)
  from space 4608K, 0% used [0x00000000d7380000,0x00000000d7380000,0x00000000d7800000)
  to   space 7168K, 0% used [0x00000000d6c80000,0x00000000d6c80000,0x00000000d7380000)
 ParOldGen       total 68608K, used 13277K [0x0000000080000000, 0x0000000084300000, 0x00000000d5580000)
  object space 68608K, 19% used [0x0000000080000000,0x0000000080cf7448,0x0000000084300000)
 Metaspace       used 20695K, committed 21504K, reserved 1114112K
  class space    used 2073K, committed 2432K, reserved 1048576K
}
Event: 33.559 GC heap before
{Heap before GC invocations=10 (full 1):
 PSYoungGen      total 28160K, used 23552K [0x00000000d5580000, 0x00000000d7b00000, 0x0000000100000000)
  eden space 23552K, 100% used [0x00000000d5580000,0x00000000d6c80000,0x00000000d6c80000)
  from space 4608K, 0% used [0x00000000d7380000,0x00000000d7380000,0x00000000d7800000)
  to   space 7168K, 0% used [0x00000000d6c80000,0x00000000d6c80000,0x00000000d7380000)
 ParOldGen       total 68608K, used 13277K [0x0000000080000000, 0x0000000084300000, 0x00000000d5580000)
  object space 68608K, 19% used [0x0000000080000000,0x0000000080cf7448,0x0000000084300000)
 Metaspace       used 23140K, committed 23936K, reserved 1114112K
  class space    used 2219K, committed 2560K, reserved 1048576K
}
Event: 33.561 GC heap after
{Heap after GC invocations=10 (full 1):
 PSYoungGen      total 23552K, used 288K [0x00000000d5580000, 0x00000000d7400000, 0x0000000100000000)
  eden space 23040K, 0% used [0x00000000d5580000,0x00000000d5580000,0x00000000d6c00000)
  from space 512K, 56% used [0x00000000d6c80000,0x00000000d6cc8000,0x00000000d6d00000)
  to   space 3072K, 0% used [0x00000000d7100000,0x00000000d7100000,0x00000000d7400000)
 ParOldGen       total 68608K, used 13285K [0x0000000080000000, 0x0000000084300000, 0x00000000d5580000)
  object space 68608K, 19% used [0x0000000080000000,0x0000000080cf9448,0x0000000084300000)
 Metaspace       used 23140K, committed 23936K, reserved 1114112K
  class space    used 2219K, committed 2560K, reserved 1048576K
}
Event: 33.855 GC heap before
{Heap before GC invocations=11 (full 1):
 PSYoungGen      total 23552K, used 23328K [0x00000000d5580000, 0x00000000d7400000, 0x0000000100000000)
  eden space 23040K, 100% used [0x00000000d5580000,0x00000000d6c00000,0x00000000d6c00000)
  from space 512K, 56% used [0x00000000d6c80000,0x00000000d6cc8000,0x00000000d6d00000)
  to   space 3072K, 0% used [0x00000000d7100000,0x00000000d7100000,0x00000000d7400000)
 ParOldGen       total 68608K, used 13285K [0x0000000080000000, 0x0000000084300000, 0x00000000d5580000)
  object space 68608K, 19% used [0x0000000080000000,0x0000000080cf9448,0x0000000084300000)
 Metaspace       used 25494K, committed 26304K, reserved 1114112K
  class space    used 2398K, committed 2752K, reserved 1048576K
}
Event: 33.858 GC heap after
{Heap after GC invocations=11 (full 1):
 PSYoungGen      total 25088K, used 2184K [0x00000000d5580000, 0x00000000d7380000, 0x0000000100000000)
  eden space 22528K, 0% used [0x00000000d5580000,0x00000000d5580000,0x00000000d6b80000)
  from space 2560K, 85% used [0x00000000d7100000,0x00000000d73222b0,0x00000000d7380000)
  to   space 3072K, 0% used [0x00000000d6d80000,0x00000000d6d80000,0x00000000d7080000)
 ParOldGen       total 68608K, used 13285K [0x0000000080000000, 0x0000000084300000, 0x00000000d5580000)
  object space 68608K, 19% used [0x0000000080000000,0x0000000080cf9448,0x0000000084300000)
 Metaspace       used 25494K, committed 26304K, reserved 1114112K
  class space    used 2398K, committed 2752K, reserved 1048576K
}
Event: 34.376 GC heap before
{Heap before GC invocations=12 (full 1):
 PSYoungGen      total 25088K, used 24712K [0x00000000d5580000, 0x00000000d7380000, 0x0000000100000000)
  eden space 22528K, 100% used [0x00000000d5580000,0x00000000d6b80000,0x00000000d6b80000)
  from space 2560K, 85% used [0x00000000d7100000,0x00000000d73222b0,0x00000000d7380000)
  to   space 3072K, 0% used [0x00000000d6d80000,0x00000000d6d80000,0x00000000d7080000)
 ParOldGen       total 68608K, used 13285K [0x0000000080000000, 0x0000000084300000, 0x00000000d5580000)
  object space 68608K, 19% used [0x0000000080000000,0x0000000080cf9448,0x0000000084300000)
 Metaspace       used 27462K, committed 28352K, reserved 1114112K
  class space    used 2621K, committed 3008K, reserved 1048576K
}
Event: 34.379 GC heap after
{Heap after GC invocations=12 (full 1):
 PSYoungGen      total 23552K, used 1295K [0x00000000d5580000, 0x00000000d7180000, 0x0000000100000000)
  eden space 22016K, 0% used [0x00000000d5580000,0x00000000d5580000,0x00000000d6b00000)
  from space 1536K, 84% used [0x00000000d6d80000,0x00000000d6ec3cf0,0x00000000d6f00000)
  to   space 2048K, 0% used [0x00000000d6f80000,0x00000000d6f80000,0x00000000d7180000)
 ParOldGen       total 68608K, used 15217K [0x0000000080000000, 0x0000000084300000, 0x00000000d5580000)
  object space 68608K, 22% used [0x0000000080000000,0x0000000080edc720,0x0000000084300000)
 Metaspace       used 27462K, committed 28352K, reserved 1114112K
  class space    used 2621K, committed 3008K, reserved 1048576K
}
Event: 34.668 GC heap before
{Heap before GC invocations=13 (full 1):
 PSYoungGen      total 23552K, used 23311K [0x00000000d5580000, 0x00000000d7180000, 0x0000000100000000)
  eden space 22016K, 100% used [0x00000000d5580000,0x00000000d6b00000,0x00000000d6b00000)
  from space 1536K, 84% used [0x00000000d6d80000,0x00000000d6ec3cf0,0x00000000d6f00000)
  to   space 2048K, 0% used [0x00000000d6f80000,0x00000000d6f80000,0x00000000d7180000)
 ParOldGen       total 68608K, used 15217K [0x0000000080000000, 0x0000000084300000, 0x00000000d5580000)
  object space 68608K, 22% used [0x0000000080000000,0x0000000080edc720,0x0000000084300000)
 Metaspace       used 31062K, committed 32000K, reserved 1114112K
  class space    used 3061K, committed 3456K, reserved 1048576K
}
Event: 34.671 GC heap after
{Heap after GC invocations=13 (full 1):
 PSYoungGen      total 23040K, used 992K [0x00000000d5580000, 0x00000000d7080000, 0x0000000100000000)
  eden space 22016K, 0% used [0x00000000d5580000,0x00000000d5580000,0x00000000d6b00000)
  from space 1024K, 96% used [0x00000000d6f80000,0x00000000d7078000,0x00000000d7080000)
  to   space 1536K, 0% used [0x00000000d6d80000,0x00000000d6d80000,0x00000000d6f00000)
 ParOldGen       total 68608K, used 16141K [0x0000000080000000, 0x0000000084300000, 0x00000000d5580000)
  object space 68608K, 23% used [0x0000000080000000,0x0000000080fc35b8,0x0000000084300000)
 Metaspace       used 31062K, committed 32000K, reserved 1114112K
  class space    used 3061K, committed 3456K, reserved 1048576K
}

Dll operation events (11 events):
Event: 0.018 Loaded shared library c:\Users\JOY SAHA\.vscode\extensions\redhat.java-1.43.1-win32-x64\jre\21.0.7-win32-x86_64\bin\java.dll
Event: 0.256 Loaded shared library c:\Users\JOY SAHA\.vscode\extensions\redhat.java-1.43.1-win32-x64\jre\21.0.7-win32-x86_64\bin\zip.dll
Event: 0.279 Loaded shared library C:\Users\JOY SAHA\.vscode\extensions\redhat.java-1.43.1-win32-x64\jre\21.0.7-win32-x86_64\bin\instrument.dll
Event: 0.284 Loaded shared library C:\Users\JOY SAHA\.vscode\extensions\redhat.java-1.43.1-win32-x64\jre\21.0.7-win32-x86_64\bin\net.dll
Event: 0.287 Loaded shared library C:\Users\JOY SAHA\.vscode\extensions\redhat.java-1.43.1-win32-x64\jre\21.0.7-win32-x86_64\bin\nio.dll
Event: 0.295 Loaded shared library C:\Users\JOY SAHA\.vscode\extensions\redhat.java-1.43.1-win32-x64\jre\21.0.7-win32-x86_64\bin\zip.dll
Event: 0.314 Loaded shared library C:\Users\JOY SAHA\.vscode\extensions\redhat.java-1.43.1-win32-x64\jre\21.0.7-win32-x86_64\bin\jimage.dll
Event: 0.400 Loaded shared library c:\Users\JOY SAHA\.vscode\extensions\redhat.java-1.43.1-win32-x64\jre\21.0.7-win32-x86_64\bin\verify.dll
Event: 12.182 Loaded shared library C:\Users\JOY SAHA\AppData\Roaming\Code\User\globalStorage\redhat.java\1.43.1\config_win\org.eclipse.equinox.launcher\org.eclipse.equinox.launcher.win32.win32.x86_64_1.2.1300.v20250331-1702\eclipse_11911.dll
Event: 31.737 Loaded shared library C:\Users\JOY SAHA\.vscode\extensions\redhat.java-1.43.1-win32-x64\jre\21.0.7-win32-x86_64\bin\management.dll
Event: 31.741 Loaded shared library C:\Users\JOY SAHA\.vscode\extensions\redhat.java-1.43.1-win32-x64\jre\21.0.7-win32-x86_64\bin\management_ext.dll

Deoptimization events (20 events):
Event: 34.648 Thread 0x000002166cb9b5d0 DEOPT PACKING pc=0x000002161d60060c sp=0x000000748d1fde00
Event: 34.648 Thread 0x000002166cb9b5d0 DEOPT UNPACKING pc=0x000002161d063aa2 sp=0x000000748d1fdda8 mode 2
Event: 34.663 Thread 0x000002166cb9c980 Uncommon trap: trap_request=0xffffffc6 fr.pc=0x000002161d6d17dc relative=0x000000000000111c
Event: 34.663 Thread 0x000002166cb9c980 Uncommon trap: reason=bimorphic_or_optimized_type_check action=maybe_recompile pc=0x000002161d6d17dc method=java.util.Properties$LineReader.readLine()I @ 70 c2
Event: 34.663 Thread 0x000002166cb9c980 DEOPT PACKING pc=0x000002161d6d17dc sp=0x000000748cdfd820
Event: 34.663 Thread 0x000002166cb9c980 DEOPT UNPACKING pc=0x000002161d063aa2 sp=0x000000748cdfd7c0 mode 2
Event: 34.694 Thread 0x000002166cb9b5d0 Uncommon trap: trap_request=0xffffff45 fr.pc=0x000002161d5e711c relative=0x000000000000067c
Event: 34.694 Thread 0x000002166cb9b5d0 Uncommon trap: reason=unstable_if action=reinterpret pc=0x000002161d5e711c method=java.lang.String.replace(Ljava/lang/CharSequence;Ljava/lang/CharSequence;)Ljava/lang/String; @ 42 c2
Event: 34.694 Thread 0x000002166cb9b5d0 DEOPT PACKING pc=0x000002161d5e711c sp=0x000000748d1fb870
Event: 34.694 Thread 0x000002166cb9b5d0 DEOPT UNPACKING pc=0x000002161d063aa2 sp=0x000000748d1fb7f0 mode 2
Event: 34.703 Thread 0x000002166cb9c980 Uncommon trap: trap_request=0xffffff45 fr.pc=0x000002161d6fbb54 relative=0x0000000000000134
Event: 34.703 Thread 0x000002166cb9c980 Uncommon trap: reason=unstable_if action=reinterpret pc=0x000002161d6fbb54 method=java.util.ArrayList.indexOfRange(Ljava/lang/Object;II)I @ 7 c2
Event: 34.703 Thread 0x000002166cb9c980 DEOPT PACKING pc=0x000002161d6fbb54 sp=0x000000748cdfe490
Event: 34.703 Thread 0x000002166cb9c980 DEOPT UNPACKING pc=0x000002161d063aa2 sp=0x000000748cdfe350 mode 2
Event: 34.718 Thread 0x000002166cb9c980 Uncommon trap: trap_request=0xffffff45 fr.pc=0x000002161d6f55b0 relative=0x0000000000000110
Event: 34.718 Thread 0x000002166cb9c980 Uncommon trap: reason=unstable_if action=reinterpret pc=0x000002161d6f55b0 method=java.util.ArrayList.indexOfRange(Ljava/lang/Object;II)I @ 7 c2
Event: 34.718 Thread 0x000002166cb9c980 DEOPT PACKING pc=0x000002161d6f55b0 sp=0x000000748cdfe3b0
Event: 34.718 Thread 0x000002166cb9c980 DEOPT UNPACKING pc=0x000002161d063aa2 sp=0x000000748cdfe350 mode 2
Event: 34.872 Thread 0x000002166cb9c980 DEOPT PACKING pc=0x000002161650a253 sp=0x000000748cdfe200
Event: 34.872 Thread 0x000002166cb9c980 DEOPT UNPACKING pc=0x000002161d064242 sp=0x000000748cdfd670 mode 0

Classes loaded (20 events):
Event: 34.546 Loading class sun/reflect/generics/tree/TypeVariableSignature
Event: 34.546 Loading class sun/reflect/generics/tree/TypeVariableSignature done
Event: 34.589 Loading class java/lang/Deprecated
Event: 34.589 Loading class java/lang/Deprecated done
Event: 34.645 Loading class sun/nio/cs/UTF_8$Encoder
Event: 34.645 Loading class sun/nio/cs/UTF_8$Encoder done
Event: 34.683 Loading class java/lang/annotation/IncompleteAnnotationException
Event: 34.683 Loading class java/lang/annotation/IncompleteAnnotationException done
Event: 34.686 Loading class java/nio/charset/IllegalCharsetNameException
Event: 34.686 Loading class java/nio/charset/IllegalCharsetNameException done
Event: 34.695 Loading class java/io/File$TempDirectory
Event: 34.695 Loading class java/io/File$TempDirectory done
Event: 34.738 Loading class java/lang/foreign/MemorySegment
Event: 34.739 Loading class java/lang/foreign/MemorySegment done
Event: 34.790 Loading class sun/reflect/generics/reflectiveObjects/TypeVariableImpl
Event: 34.790 Loading class sun/reflect/generics/reflectiveObjects/LazyReflectiveObjectGenerator
Event: 34.790 Loading class sun/reflect/generics/reflectiveObjects/LazyReflectiveObjectGenerator done
Event: 34.790 Loading class sun/reflect/generics/reflectiveObjects/TypeVariableImpl done
Event: 34.790 Loading class sun/reflect/generics/reflectiveObjects/ParameterizedTypeImpl
Event: 34.790 Loading class sun/reflect/generics/reflectiveObjects/ParameterizedTypeImpl done

Classes unloaded (7 events):
Event: 33.269 Thread 0x00000216293764a0 Unloading class 0x000002162b1ad000 'java/lang/invoke/LambdaForm$MH+0x000002162b1ad000'
Event: 33.270 Thread 0x00000216293764a0 Unloading class 0x000002162b1acc00 'java/lang/invoke/LambdaForm$MH+0x000002162b1acc00'
Event: 33.270 Thread 0x00000216293764a0 Unloading class 0x000002162b1ac800 'java/lang/invoke/LambdaForm$MH+0x000002162b1ac800'
Event: 33.270 Thread 0x00000216293764a0 Unloading class 0x000002162b1ac400 'java/lang/invoke/LambdaForm$MH+0x000002162b1ac400'
Event: 33.270 Thread 0x00000216293764a0 Unloading class 0x000002162b1ac000 'java/lang/invoke/LambdaForm$BMH+0x000002162b1ac000'
Event: 33.270 Thread 0x00000216293764a0 Unloading class 0x000002162b1abc00 'java/lang/invoke/LambdaForm$DMH+0x000002162b1abc00'
Event: 33.270 Thread 0x00000216293764a0 Unloading class 0x000002162b1aa800 'java/lang/invoke/LambdaForm$DMH+0x000002162b1aa800'

Classes redefined (0 events):
No events

Internal exceptions (20 events):
Event: 34.247 Thread 0x000002166cb9c980 Exception <a 'java/lang/NoSuchMethodError'{0x00000000d630bcf8}: 'int java.lang.invoke.DirectMethodHandle$Holder.invokeStatic(java.lang.Object, long)'> (0x00000000d630bcf8) 
thrown [s\src\hotspot\share\interpreter\linkResolver.cpp, line 773]
Event: 34.249 Thread 0x000002166cb9f0e0 Exception <a 'java/lang/NoSuchMethodError'{0x00000000d638a858}: 'int java.lang.invoke.DirectMethodHandle$Holder.invokeSpecial(java.lang.Object, java.lang.Object, int, int)'> (0x00000000d638a858) 
thrown [s\src\hotspot\share\interpreter\linkResolver.cpp, line 773]
Event: 34.250 Thread 0x000002166cb9c980 Exception <a 'java/lang/NoSuchMethodError'{0x00000000d6387bc0}: 'int java.lang.invoke.DirectMethodHandle$Holder.invokeSpecial(java.lang.Object, java.lang.Object, int, int)'> (0x00000000d6387bc0) 
thrown [s\src\hotspot\share\interpreter\linkResolver.cpp, line 773]
Event: 34.250 Thread 0x000002166cb9f0e0 Exception <a 'java/lang/NoSuchMethodError'{0x00000000d63a1bc0}: 'int java.lang.invoke.Invokers$Holder.linkToTargetMethod(java.lang.Object, java.lang.Object)'> (0x00000000d63a1bc0) 
thrown [s\src\hotspot\share\interpreter\linkResolver.cpp, line 773]
Event: 34.250 Thread 0x000002166cb9c980 Exception <a 'java/lang/NoSuchMethodError'{0x00000000d639c708}: 'int java.lang.invoke.Invokers$Holder.linkToTargetMethod(java.lang.Object, java.lang.Object)'> (0x00000000d639c708) 
thrown [s\src\hotspot\share\interpreter\linkResolver.cpp, line 773]
Event: 34.251 Thread 0x000002166cb9c980 Implicit null exception at 0x000002161d725e3d to 0x000002161d725eb2
Event: 34.251 Thread 0x000002166cb9f0e0 Implicit null exception at 0x000002161d725e3d to 0x000002161d725eb2
Event: 34.253 Thread 0x000002166cb9f0e0 Exception <a 'java/lang/NoSuchMethodError'{0x00000000d63ad8c0}: 'int java.lang.invoke.DirectMethodHandle$Holder.invokeSpecial(java.lang.Object, java.lang.Object, java.lang.Object, java.lang.Object)'> (0x00000000d63ad8c0) 
thrown [s\src\hotspot\share\interpreter\linkResolver.cpp, line 773]
Event: 34.255 Thread 0x000002166cb9f0e0 Exception <a 'java/lang/NoSuchMethodError'{0x00000000d63cfc50}: 'java.lang.Object java.lang.invoke.DirectMethodHandle$Holder.invokeStatic(java.lang.Object, int, java.lang.Object, java.lang.Object)'> (0x00000000d63cfc50) 
thrown [s\src\hotspot\share\interpreter\linkResolver.cpp, line 773]
Event: 34.255 Thread 0x000002166cb9f0e0 Exception <a 'java/lang/NoSuchMethodError'{0x00000000d63d36b8}: 'java.lang.Object java.lang.invoke.DelegatingMethodHandle$Holder.delegate(java.lang.Object, int, java.lang.Object, java.lang.Object)'> (0x00000000d63d36b8) 
thrown [s\src\hotspot\share\interpreter\linkResolver.cpp, line 773]
Event: 34.260 Thread 0x000002166cb9f0e0 Exception <a 'java/lang/NoSuchMethodError'{0x00000000d6467f50}: 'int java.lang.invoke.Invokers$Holder.linkToTargetMethod(java.lang.Object, java.lang.Object, java.lang.Object)'> (0x00000000d6467f50) 
thrown [s\src\hotspot\share\interpreter\linkResolver.cpp, line 773]
Event: 34.274 Thread 0x000002166cb9b5d0 Exception <a 'java/lang/NoSuchMethodError'{0x00000000d6443c80}: 'java.lang.Object java.lang.invoke.DirectMethodHandle$Holder.invokeStaticInit(java.lang.Object, int, int, int, int)'> (0x00000000d6443c80) 
thrown [s\src\hotspot\share\interpreter\linkResolver.cpp, line 773]
Event: 34.323 Thread 0x000002166cb9c980 Exception <a 'java/lang/NoSuchMethodError'{0x00000000d66354c0}: 'java.lang.Object java.lang.invoke.DirectMethodHandle$Holder.invokeSpecialIFC(java.lang.Object, java.lang.Object, java.lang.Object, java.lang.Object)'> (0x00000000d66354c0) 
thrown [s\src\hotspot\share\interpreter\linkResolver.cpp, line 773]
Event: 34.354 Thread 0x000002166cb9b5d0 Exception <a 'java/lang/NoSuchMethodError'{0x00000000d6820c98}: 'java.lang.Object java.lang.invoke.DirectMethodHandle$Holder.invokeStaticInit(java.lang.Object, java.lang.Object, int, int, int, int)'> (0x00000000d6820c98) 
thrown [s\src\hotspot\share\interpreter\linkResolver.cpp, line 773]
Event: 34.423 Thread 0x000002166cb9b5d0 Exception <a 'sun/nio/fs/WindowsException'{0x00000000d5982c58}> (0x00000000d5982c58) 
thrown [s\src\hotspot\share\prims\jni.cpp, line 520]
Event: 34.423 Thread 0x000002166cb9b5d0 Exception <a 'sun/nio/fs/WindowsException'{0x00000000d5983460}> (0x00000000d5983460) 
thrown [s\src\hotspot\share\prims\jni.cpp, line 520]
Event: 34.425 Thread 0x000002166cb9b5d0 Exception <a 'sun/nio/fs/WindowsException'{0x00000000d5a1d210}> (0x00000000d5a1d210) 
thrown [s\src\hotspot\share\prims\jni.cpp, line 520]
Event: 34.480 Thread 0x000002166cb9b5d0 Exception <a 'java/lang/ClassNotFoundException'{0x00000000d5fe6060}: com/sun/org/apache/xml/internal/serializer/spi/XMLEntitiesProvider> (0x00000000d5fe6060) 
thrown [s\src\hotspot\share\classfile\systemDictionary.cpp, line 312]
Event: 34.655 Thread 0x000002166cb9b5d0 Exception <a 'java/io/FileNotFoundException'{0x00000000d6977098}> (0x00000000d6977098) 
thrown [s\src\hotspot\share\prims\jni.cpp, line 520]
Event: 34.683 Thread 0x000002166cb9c980 Exception <a 'java/lang/NoClassDefFoundError'{0x00000000d568a458}: javax/enterprise/inject/Typed> (0x00000000d568a458) 
thrown [s\src\hotspot\share\classfile\systemDictionary.cpp, line 301]

ZGC Phase Switch (0 events):
No events

VM Operations (20 events):
Event: 34.266 Executing VM operation: HandshakeAllThreads (Deoptimize)
Event: 34.267 Executing VM operation: HandshakeAllThreads (Deoptimize) done
Event: 34.338 Executing VM operation: HandshakeAllThreads (Deoptimize)
Event: 34.338 Executing VM operation: HandshakeAllThreads (Deoptimize) done
Event: 34.376 Executing VM operation: ParallelGCFailedAllocation (Allocation Failure)
Event: 34.379 Executing VM operation: ParallelGCFailedAllocation (Allocation Failure) done
Event: 34.449 Executing VM operation: HandshakeAllThreads (Deoptimize)
Event: 34.449 Executing VM operation: HandshakeAllThreads (Deoptimize) done
Event: 34.478 Executing VM operation: HandshakeAllThreads (Deoptimize)
Event: 34.478 Executing VM operation: HandshakeAllThreads (Deoptimize) done
Event: 34.482 Executing VM operation: HandshakeAllThreads (Deoptimize)
Event: 34.482 Executing VM operation: HandshakeAllThreads (Deoptimize) done
Event: 34.511 Executing VM operation: HandshakeAllThreads (Deoptimize)
Event: 34.511 Executing VM operation: HandshakeAllThreads (Deoptimize) done
Event: 34.543 Executing VM operation: HandshakeAllThreads (Deoptimize)
Event: 34.543 Executing VM operation: HandshakeAllThreads (Deoptimize) done
Event: 34.665 Executing VM operation: ParallelGCFailedAllocation (Allocation Failure)
Event: 34.671 Executing VM operation: ParallelGCFailedAllocation (Allocation Failure) done
Event: 34.671 Executing VM operation: HandshakeAllThreads (Deoptimize)
Event: 34.672 Executing VM operation: HandshakeAllThreads (Deoptimize) done

Memory protections (0 events):
No events

Nmethod flushes (0 events):
No events

Events (20 events):
Event: 22.283 Thread 0x000002166cb9c2f0 Thread exited: 0x000002166cb9c2f0
Event: 22.283 Thread 0x000002166cb9a8b0 Thread exited: 0x000002166cb9a8b0
Event: 22.283 Thread 0x000002166cba0490 Thread exited: 0x000002166cba0490
Event: 22.283 Thread 0x000002166cb9af40 Thread exited: 0x000002166cb9af40
Event: 22.284 Thread 0x000002166cb99500 Thread exited: 0x000002166cb99500
Event: 22.285 Thread 0x000002166cb9fe00 Thread exited: 0x000002166cb9fe00
Event: 22.285 Thread 0x000002166cb9c980 Thread exited: 0x000002166cb9c980
Event: 22.285 Thread 0x000002166cb9ea50 Thread exited: 0x000002166cb9ea50
Event: 22.285 Thread 0x000002166cb99b90 Thread exited: 0x000002166cb99b90
Event: 22.285 Thread 0x000002166cb9bc60 Thread exited: 0x000002166cb9bc60
Event: 22.285 Thread 0x000002166cb9f0e0 Thread exited: 0x000002166cb9f0e0
Event: 22.296 Thread 0x000002166cb9d010 Thread exited: 0x000002166cb9d010
Event: 30.949 Thread 0x000002166cb9b5d0 Thread added: 0x000002166cb9bc60
Event: 31.155 Thread 0x000002166cb9b5d0 Thread added: 0x000002166cb9ea50
Event: 31.576 Thread 0x000002166cb9b5d0 Thread added: 0x000002166cb99500
Event: 32.661 Thread 0x000002166cb9b5d0 Thread added: 0x000002166cb9f0e0
Event: 32.670 Thread 0x000002166cb9b5d0 Thread added: 0x000002166cb9c980
Event: 34.086 Thread 0x000002166cb9b5d0 Thread added: 0x000002166cb99b90
Event: 34.100 Thread 0x000002166cb9c980 Thread added: 0x000002166cb9a8b0
Event: 34.388 Thread 0x000002166cb9a8b0 Thread added: 0x000002166cb9dd30


Dynamic libraries:
0x00007ff683fd0000 - 0x00007ff683fde000 	c:\Users\JOY SAHA\.vscode\extensions\redhat.java-1.43.1-win32-x64\jre\21.0.7-win32-x86_64\bin\java.exe
0x00007ffc7f6d0000 - 0x00007ffc7f8e7000 	C:\WINDOWS\SYSTEM32\ntdll.dll
0x00007ffc7e980000 - 0x00007ffc7ea44000 	C:\WINDOWS\System32\KERNEL32.DLL
0x00007ffc7cf80000 - 0x00007ffc7d352000 	C:\WINDOWS\System32\KERNELBASE.dll
0x00007ffc7c7c0000 - 0x00007ffc7c8d1000 	C:\WINDOWS\System32\ucrtbase.dll
0x00007ffc377b0000 - 0x00007ffc377ce000 	c:\Users\JOY SAHA\.vscode\extensions\redhat.java-1.43.1-win32-x64\jre\21.0.7-win32-x86_64\bin\VCRUNTIME140.dll
0x00007ffc3b660000 - 0x00007ffc3b678000 	c:\Users\JOY SAHA\.vscode\extensions\redhat.java-1.43.1-win32-x64\jre\21.0.7-win32-x86_64\bin\jli.dll
0x00007ffc7f110000 - 0x00007ffc7f2c1000 	C:\WINDOWS\System32\USER32.dll
0x00007ffc68ac0000 - 0x00007ffc68d5b000 	C:\WINDOWS\WinSxS\amd64_microsoft.windows.common-controls_6595b64144ccf1df_6.0.22621.5547_none_27104afb73855772\COMCTL32.dll
0x00007ffc7cd60000 - 0x00007ffc7cd86000 	C:\WINDOWS\System32\win32u.dll
0x00007ffc7dce0000 - 0x00007ffc7dd87000 	C:\WINDOWS\System32\msvcrt.dll
0x00007ffc7def0000 - 0x00007ffc7df19000 	C:\WINDOWS\System32\GDI32.dll
0x00007ffc7ce50000 - 0x00007ffc7cf73000 	C:\WINDOWS\System32\gdi32full.dll
0x00007ffc7ccc0000 - 0x00007ffc7cd5a000 	C:\WINDOWS\System32\msvcp_win.dll
0x00007ffc7d580000 - 0x00007ffc7d5b1000 	C:\WINDOWS\System32\IMM32.DLL
0x00007ffc4c690000 - 0x00007ffc4c69c000 	c:\Users\JOY SAHA\.vscode\extensions\redhat.java-1.43.1-win32-x64\jre\21.0.7-win32-x86_64\bin\vcruntime140_1.dll
0x00007ffc02ea0000 - 0x00007ffc02f2d000 	c:\Users\JOY SAHA\.vscode\extensions\redhat.java-1.43.1-win32-x64\jre\21.0.7-win32-x86_64\bin\msvcp140.dll
0x00007ffbd8eb0000 - 0x00007ffbd9c40000 	c:\Users\JOY SAHA\.vscode\extensions\redhat.java-1.43.1-win32-x64\jre\21.0.7-win32-x86_64\bin\server\jvm.dll
0x00007ffc7da40000 - 0x00007ffc7daf1000 	C:\WINDOWS\System32\ADVAPI32.dll
0x00007ffc7f560000 - 0x00007ffc7f608000 	C:\WINDOWS\System32\sechost.dll
0x00007ffc7cb50000 - 0x00007ffc7cb78000 	C:\WINDOWS\System32\bcrypt.dll
0x00007ffc7eb00000 - 0x00007ffc7ec14000 	C:\WINDOWS\System32\RPCRT4.dll
0x00007ffc7e900000 - 0x00007ffc7e971000 	C:\WINDOWS\System32\WS2_32.dll
0x00007ffc7c690000 - 0x00007ffc7c6dd000 	C:\WINDOWS\SYSTEM32\POWRPROF.dll
0x00007ffc77ee0000 - 0x00007ffc77f14000 	C:\WINDOWS\SYSTEM32\WINMM.dll
0x00007ffc749d0000 - 0x00007ffc749da000 	C:\WINDOWS\SYSTEM32\VERSION.dll
0x00007ffc7c670000 - 0x00007ffc7c683000 	C:\WINDOWS\SYSTEM32\UMPDC.dll
0x00007ffc7b750000 - 0x00007ffc7b768000 	C:\WINDOWS\SYSTEM32\kernel.appcore.dll
0x00007ffc4ad70000 - 0x00007ffc4ad7a000 	c:\Users\JOY SAHA\.vscode\extensions\redhat.java-1.43.1-win32-x64\jre\21.0.7-win32-x86_64\bin\jimage.dll
0x00007ffc7a270000 - 0x00007ffc7a4a3000 	C:\WINDOWS\SYSTEM32\DBGHELP.DLL
0x00007ffc7ed70000 - 0x00007ffc7f103000 	C:\WINDOWS\System32\combase.dll
0x00007ffc7dd90000 - 0x00007ffc7de67000 	C:\WINDOWS\System32\OLEAUT32.dll
0x00007ffc6dba0000 - 0x00007ffc6dbd2000 	C:\WINDOWS\SYSTEM32\dbgcore.DLL
0x00007ffc7c960000 - 0x00007ffc7c9db000 	C:\WINDOWS\System32\bcryptPrimitives.dll
0x00007ffc455f0000 - 0x00007ffc455ff000 	c:\Users\JOY SAHA\.vscode\extensions\redhat.java-1.43.1-win32-x64\jre\21.0.7-win32-x86_64\bin\instrument.dll
0x00007ffc33d00000 - 0x00007ffc33d1f000 	c:\Users\JOY SAHA\.vscode\extensions\redhat.java-1.43.1-win32-x64\jre\21.0.7-win32-x86_64\bin\java.dll
0x00007ffc7df20000 - 0x00007ffc7e7c2000 	C:\WINDOWS\System32\SHELL32.dll
0x00007ffc7cb80000 - 0x00007ffc7ccbf000 	C:\WINDOWS\System32\wintypes.dll
0x00007ffc7a6a0000 - 0x00007ffc7afbd000 	C:\WINDOWS\SYSTEM32\windows.storage.dll
0x00007ffc7f2d0000 - 0x00007ffc7f3dc000 	C:\WINDOWS\System32\SHCORE.dll
0x00007ffc7d510000 - 0x00007ffc7d579000 	C:\WINDOWS\System32\shlwapi.dll
0x00007ffc7c6f0000 - 0x00007ffc7c71b000 	C:\WINDOWS\SYSTEM32\profapi.dll
0x00007ffc33660000 - 0x00007ffc33678000 	c:\Users\JOY SAHA\.vscode\extensions\redhat.java-1.43.1-win32-x64\jre\21.0.7-win32-x86_64\bin\zip.dll
0x00007ffc49cc0000 - 0x00007ffc49cd0000 	C:\Users\JOY SAHA\.vscode\extensions\redhat.java-1.43.1-win32-x64\jre\21.0.7-win32-x86_64\bin\net.dll
0x00007ffc77c40000 - 0x00007ffc77d6c000 	C:\WINDOWS\SYSTEM32\WINHTTP.dll
0x00007ffc7bc20000 - 0x00007ffc7bc89000 	C:\WINDOWS\system32\mswsock.dll
0x00007ffc333a0000 - 0x00007ffc333b6000 	C:\Users\JOY SAHA\.vscode\extensions\redhat.java-1.43.1-win32-x64\jre\21.0.7-win32-x86_64\bin\nio.dll
0x00007ffc45710000 - 0x00007ffc45720000 	c:\Users\JOY SAHA\.vscode\extensions\redhat.java-1.43.1-win32-x64\jre\21.0.7-win32-x86_64\bin\verify.dll
0x00007ffbf4d90000 - 0x00007ffbf4dd5000 	C:\Users\JOY SAHA\AppData\Roaming\Code\User\globalStorage\redhat.java\1.43.1\config_win\org.eclipse.equinox.launcher\org.eclipse.equinox.launcher.win32.win32.x86_64_1.2.1300.v20250331-1702\eclipse_11911.dll
0x00007ffc7d370000 - 0x00007ffc7d510000 	C:\WINDOWS\System32\ole32.dll
0x00007ffc3d9e0000 - 0x00007ffc3d9ea000 	C:\Users\JOY SAHA\.vscode\extensions\redhat.java-1.43.1-win32-x64\jre\21.0.7-win32-x86_64\bin\management.dll
0x00007ffc3d9d0000 - 0x00007ffc3d9db000 	C:\Users\JOY SAHA\.vscode\extensions\redhat.java-1.43.1-win32-x64\jre\21.0.7-win32-x86_64\bin\management_ext.dll
0x00007ffc7d360000 - 0x00007ffc7d368000 	C:\WINDOWS\System32\PSAPI.DLL
0x00007ffc7bf70000 - 0x00007ffc7bf8b000 	C:\WINDOWS\SYSTEM32\CRYPTSP.dll
0x00007ffc7b710000 - 0x00007ffc7b747000 	C:\WINDOWS\system32\rsaenh.dll
0x00007ffc7bcc0000 - 0x00007ffc7bce8000 	C:\WINDOWS\SYSTEM32\USERENV.dll
0x00007ffc7bf50000 - 0x00007ffc7bf5c000 	C:\WINDOWS\SYSTEM32\CRYPTBASE.dll
0x00007ffc7b220000 - 0x00007ffc7b24d000 	C:\WINDOWS\SYSTEM32\IPHLPAPI.DLL
0x00007ffc7de70000 - 0x00007ffc7de79000 	C:\WINDOWS\System32\NSI.dll
0x00007ffc05ca0000 - 0x00007ffc05ce9000 	C:\Users\JOY SAHA\AppData\Local\Temp\jna--202622797\jna12893295790880836898.dll

dbghelp: loaded successfully - version: 4.0.5 - missing functions: none
symbol engine: initialized successfully - sym options: 0x614 - pdb path: .;c:\Users\JOY SAHA\.vscode\extensions\redhat.java-1.43.1-win32-x64\jre\21.0.7-win32-x86_64\bin;C:\WINDOWS\SYSTEM32;C:\WINDOWS\WinSxS\amd64_microsoft.windows.common-controls_6595b64144ccf1df_6.0.22621.5547_none_27104afb73855772;c:\Users\JOY SAHA\.vscode\extensions\redhat.java-1.43.1-win32-x64\jre\21.0.7-win32-x86_64\bin\server;C:\Users\JOY SAHA\AppData\Roaming\Code\User\globalStorage\redhat.java\1.43.1\config_win\org.eclipse.equinox.launcher\org.eclipse.equinox.launcher.win32.win32.x86_64_1.2.1300.v20250331-1702;C:\Users\JOY SAHA\AppData\Local\Temp\jna--202622797

VM Arguments:
jvm_args: --add-modules=ALL-SYSTEM --add-opens=java.base/java.util=ALL-UNNAMED --add-opens=java.base/java.lang=ALL-UNNAMED --add-opens=java.base/sun.nio.fs=ALL-UNNAMED -Declipse.application=org.eclipse.jdt.ls.core.id1 -Dosgi.bundles.defaultStartLevel=4 -Declipse.product=org.eclipse.jdt.ls.core.product -Djava.import.generatesMetadataFilesAtProjectRoot=false -DDetectVMInstallationsJob.disabled=true -Dfile.encoding=utf8 -XX:+UseParallelGC -XX:GCTimeRatio=4 -XX:AdaptiveSizePolicyWeight=90 -Dsun.zip.disableMemoryMapping=true -Xmx2G -Xms100m -Xlog:disable -javaagent:c:\Users\JOY SAHA\.vscode\extensions\redhat.java-1.43.1-win32-x64\lombok\lombok-1.18.39-4050.jar -XX:+HeapDumpOnOutOfMemoryError -XX:HeapDumpPath=c:\Users\JOY SAHA\AppData\Roaming\Code\User\workspaceStorage\a80d8c1f889bab6801300559462bb29f\redhat.java -Daether.dependencyCollector.impl=bf 
java_command: c:\Users\JOY SAHA\.vscode\extensions\redhat.java-1.43.1-win32-x64\server\plugins\org.eclipse.equinox.launcher_1.7.0.v20250519-0528.jar -configuration c:\Users\JOY SAHA\AppData\Roaming\Code\User\globalStorage\redhat.java\1.43.1\config_win -data c:\Users\JOY SAHA\AppData\Roaming\Code\User\workspaceStorage\a80d8c1f889bab6801300559462bb29f\redhat.java\jdt_ws --pipe=\\.\pipe\lsp-0afb785cede564f0039887c3999dc69d-sock
java_class_path (initial): c:\Users\JOY SAHA\.vscode\extensions\redhat.java-1.43.1-win32-x64\server\plugins\org.eclipse.equinox.launcher_1.7.0.v20250519-0528.jar
Launcher Type: SUN_STANDARD

[Global flags]
    uintx AdaptiveSizePolicyWeight                 = 90                                        {product} {command line}
     intx CICompilerCount                          = 4                                         {product} {ergonomic}
    uintx GCTimeRatio                              = 4                                         {product} {command line}
     bool HeapDumpOnOutOfMemoryError               = true                                   {manageable} {command line}
    ccstr HeapDumpPath                             = c:\Users\JOY SAHA\AppData\Roaming\Code\User\workspaceStorage\a80d8c1f889bab6801300559462bb29f\redhat.java         {manageable} {command line}
   size_t InitialHeapSize                          = 104857600                                 {product} {command line}
   size_t MaxHeapSize                              = 2147483648                                {product} {command line}
   size_t MaxNewSize                               = 715653120                                 {product} {ergonomic}
   size_t MinHeapDeltaBytes                        = 524288                                    {product} {ergonomic}
   size_t MinHeapSize                              = 104857600                                 {product} {command line}
   size_t NewSize                                  = 34603008                                  {product} {ergonomic}
    uintx NonNMethodCodeHeapSize                   = 5839372                                {pd product} {ergonomic}
    uintx NonProfiledCodeHeapSize                  = 122909434                              {pd product} {ergonomic}
   size_t OldSize                                  = 70254592                                  {product} {ergonomic}
    uintx ProfiledCodeHeapSize                     = 122909434                              {pd product} {ergonomic}
    uintx ReservedCodeCacheSize                    = 251658240                              {pd product} {ergonomic}
     bool SegmentedCodeCache                       = true                                      {product} {ergonomic}
   size_t SoftMaxHeapSize                          = 2147483648                             {manageable} {ergonomic}
     bool UseCompressedOops                        = true                           {product lp64_product} {ergonomic}
     bool UseLargePagesIndividualAllocation        = false                                  {pd product} {ergonomic}
     bool UseParallelGC                            = true                                      {product} {command line}

Logging:
Log output configuration:
 #0: stdout all=off uptime,level,tags foldmultilines=false
 #1: stderr all=off uptime,level,tags foldmultilines=false

Environment Variables:
PATH=C:\Program Files (x86)\Microsoft\Edge\Application;C:\oraclexe\app\oracle\product\10.2.0\server\bin;C:\Program Files\Common Files\Oracle\Java\javapath;C:\Program Files\Microsoft\jdk-11.0.16.101-hotspot\bin;C:\Windows\system32;C:\Windows;C:\Windows\System32\Wbem;C:\Windows\System32\WindowsPowerShell\v1.0\;C:\Windows\System32\OpenSSH\;C:\Program Files (x86)\NVIDIA Corporation\PhysX\Common;C:\Program Files\NVIDIA Corporation\NVIDIA NvDLISR;C:\WINDOWS\system32;C:\WINDOWS;C:\WINDOWS\System32\Wbem;C:\WINDOWS\System32\WindowsPowerShell\v1.0\;C:\WINDOWS\System32\OpenSSH\;C:\Program Files\Microsoft SQL Server\150\Tools\Binn\;C:\Program Files\Microsoft SQL Server\Client SDK\ODBC\170\Tools\Binn\;C:\Program Files\dotnet\;C:\Program Files (x86)\Windows Kits\10\Windows Performance Toolkit\;C:\ProgramData\chocolatey\bin;C:\Program Files\k6\;C:\Users\JOY SAHA\AppData\Local\Programs\Python\Python313\Scripts\;C:\Users\JOY SAHA\AppData\Local\Programs\Python\Python313\;C:\Users\JOY SAHA\AppData\Local\Programs\Python\Launcher\;C:\oraclexe\app\oracle\product\10.2.0\server\bin;C:\Program Files\Common Files\Oracle\Java\javapath;C:\Program Files\Microsoft\jdk-11.0.16.101-hotspot\bin;C:\Windows\system32;C:\Windows;C:\Windows\System32\Wbem;C:\Windows\System32\WindowsPowerShell\v1.0\;C:\Windows\System32\OpenSSH\;C:\Program Files (x86)\NVIDIA Corporation\PhysX\Common;C:\Program Files\NVIDIA Corporation\NVIDIA NvDLISR;C:\WINDOWS\system32;C:\WINDOWS;C:\WINDOWS\System32\Wbem;C:\WINDOWS\System32\WindowsPowerShell\v1.0\;C:\WINDOWS\System32\OpenSSH\;C:\Program Files\Microsoft SQL Server\150\Tools\Binn\;C:\Program Files (x86)\Microsoft SQL Server\110\Tools\Binn\;C:\Program Files\Microsoft SQL Server\110\Tools\Binn\;C:\Program Files\Microsoft SQL Server\110\DTS\Binn\;C:\Program Files (x86)\Microsoft SQL Server\110\Tools\Binn\ManagementStudio\;C:\Program Files (x86)\Microsoft SQL Server\110\DTS\Binn\;C:\Program Files\Microsoft SQL Server\Client SDK\ODBC\170\Tools\Binn\;C:\Program Files\dotnet\;C:\Program Files (x86)\Windows Kits\10\Windows Performance Toolkit\;C:\ProgramData\chocolatey\bin;C:\Users\JOY SAHA\AppData\Local\Microsoft\WindowsApps;C:\Users\JOY SAHA\AppData\Local\Programs\Microsoft VS Code\bin;C:\Users\JOY SAHA\AppData\Local\GitHubDesktop\bin;C:\Users\JOY SAHA\.dotnet\tools;C:\Program Files\k6;C:\Users\JOY SAHA\AppData\Local\Programs\cursor\resources\app\bin
USERNAME=JOY SAHA
OS=Windows_NT
PROCESSOR_IDENTIFIER=AMD64 Family 25 Model 80 Stepping 0, AuthenticAMD
TMP=C:\Users\JOYSAH~1\AppData\Local\Temp
TEMP=C:\Users\JOYSAH~1\AppData\Local\Temp




Periodic native trim disabled

---------------  S Y S T E M  ---------------

OS:
 Windows 11 , 64 bit Build 22621 (10.0.22621.5415)
OS uptime: 4 days 8:27 hours
Hyper-V role detected

CPU: total 12 (initial active 12) (12 cores per cpu, 2 threads per core) family 25 model 80 stepping 0 microcode 0x0, cx8, cmov, fxsr, ht, mmx, 3dnowpref, sse, sse2, sse3, ssse3, sse4a, sse4.1, sse4.2, popcnt, lzcnt, tsc, tscinvbit, avx, avx2, aes, erms, clmul, bmi1, bmi2, adx, sha, fma, vzeroupper, clflush, clflushopt, hv, rdtscp, rdpid, fsrm, f16c, cet_ss
Processor Information for processor 0
  Max Mhz: 3301, Current Mhz: 2011, Mhz Limit: 3301
Processor Information for processor 1
  Max Mhz: 3301, Current Mhz: 3301, Mhz Limit: 3301
Processor Information for processor 2
  Max Mhz: 3301, Current Mhz: 3301, Mhz Limit: 3301
Processor Information for processor 3
  Max Mhz: 3301, Current Mhz: 3301, Mhz Limit: 3301
Processor Information for processor 4
  Max Mhz: 3301, Current Mhz: 3301, Mhz Limit: 3301
Processor Information for processor 5
  Max Mhz: 3301, Current Mhz: 3301, Mhz Limit: 3301
Processor Information for processor 6
  Max Mhz: 3301, Current Mhz: 3301, Mhz Limit: 3301
Processor Information for processor 7
  Max Mhz: 3301, Current Mhz: 3301, Mhz Limit: 3301
Processor Information for processor 8
  Max Mhz: 3301, Current Mhz: 3301, Mhz Limit: 3301
Processor Information for processor 9
  Max Mhz: 3301, Current Mhz: 3301, Mhz Limit: 3301
Processor Information for processor 10
  Max Mhz: 3301, Current Mhz: 3301, Mhz Limit: 3301
Processor Information for processor 11
  Max Mhz: 3301, Current Mhz: 3301, Mhz Limit: 3301

Memory: 4k page, system-wide physical 5996M (84M free)
TotalPageFile size 24428M (AvailPageFile size 0M)
current process WorkingSet (physical memory assigned to process): 171M, peak: 171M
current process commit charge ("private bytes"): 314M, peak: 314M

vm_info: OpenJDK 64-Bit Server VM (21.0.7+6-LTS) for windows-amd64 JRE (21.0.7+6-LTS), built on 2025-04-15T00:00:00Z by "admin" with MS VC++ 17.7 (VS2022)

END.
